# JRE version: OpenJDK Runtime Environment (11.0.10) (build 11.0.10+0-b96-7249189)
# Java VM: OpenJDK 64-Bit Server VM (11.0.10+0-b96-7249189, mixed mode, tiered, compressed oops, g1 gc, windows-amd64)
Heap:
 garbage-first heap   total 131072K, used 88362K [0x0000000080000000, 0x0000000100000000)
  region size 1024K, 20 young (20480K), 4 survivors (4096K)
 Metaspace       used 87616K, capacity 89773K, committed 90044K, reserved 1128448K
  class space    used 11266K, capacity 12051K, committed 12160K, reserved 1048576K
GC Heap History (20 events):
Event: 59.241 GC heap before
{Heap before GC invocations=25 (full 0):
 garbage-first heap   total 131072K, used 95763K [0x0000000080000000, 0x0000000100000000)
  region size 1024K, 19 young (19456K), 2 survivors (2048K)
 Metaspace       used 82645K, capacity 84717K, committed 85052K, reserved 1122304K
  class space    used 10675K, capacity 11432K, committed 11520K, reserved 1048576K
}
Event: 59.250 GC heap after
{Heap after GC invocations=26 (full 0):
 garbage-first heap   total 131072K, used 80001K [0x0000000080000000, 0x0000000100000000)
  region size 1024K, 1 young (1024K), 1 survivors (1024K)
 Metaspace       used 82645K, capacity 84717K, committed 85052K, reserved 1122304K
  class space    used 10675K, capacity 11432K, committed 11520K, reserved 1048576K
}
Event: 59.364 GC heap before
{Heap before GC invocations=26 (full 0):
 garbage-first heap   total 131072K, used 85121K [0x0000000080000000, 0x0000000100000000)
  region size 1024K, 6 young (6144K), 1 survivors (1024K)
 Metaspace       used 82944K, capacity 85037K, committed 85308K, reserved 1124352K
  class space    used 10724K, capacity 11496K, committed 11520K, reserved 1048576K
}
Event: 59.368 GC heap after
{Heap after GC invocations=27 (full 0):
 garbage-first heap   total 131072K, used 78180K [0x0000000080000000, 0x0000000100000000)
  region size 1024K, 1 young (1024K), 1 survivors (1024K)
 Metaspace       used 82944K, capacity 85037K, committed 85308K, reserved 1124352K
  class space    used 10724K, capacity 11496K, committed 11520K, reserved 1048576K
}
Event: 59.821 GC heap before
{Heap before GC invocations=27 (full 0):
 garbage-first heap   total 131072K, used 98660K [0x0000000080000000, 0x0000000100000000)
  region size 1024K, 21 young (21504K), 1 survivors (1024K)
 Metaspace       used 84453K, capacity 86573K, committed 86844K, reserved 1124352K
  class space    used 10930K, capacity 11688K, committed 11776K, reserved 1048576K
}
Event: 59.826 GC heap after
{Heap after GC invocations=28 (full 0):
 garbage-first heap   total 131072K, used 78379K [0x0000000080000000, 0x0000000100000000)
  region size 1024K, 1 young (1024K), 1 survivors (1024K)
 Metaspace       used 84453K, capacity 86573K, committed 86844K, reserved 1124352K
  class space    used 10930K, capacity 11688K, committed 11776K, reserved 1048576K
}
Event: 61.205 GC heap before
{Heap before GC invocations=29 (full 0):
 garbage-first heap   total 131072K, used 91691K [0x0000000080000000, 0x0000000100000000)
  region size 1024K, 22 young (22528K), 1 survivors (1024K)
 Metaspace       used 85831K, capacity 87883K, committed 87996K, reserved 1126400K
  class space    used 11084K, capacity 11823K, committed 11904K, reserved 1048576K
}
Event: 61.218 GC heap after
{Heap after GC invocations=30 (full 0):
 garbage-first heap   total 131072K, used 73102K [0x0000000080000000, 0x0000000100000000)
  region size 1024K, 3 young (3072K), 3 survivors (3072K)
 Metaspace       used 85831K, capacity 87883K, committed 87996K, reserved 1126400K
  class space    used 11084K, capacity 11823K, committed 11904K, reserved 1048576K
}
Event: 61.361 GC heap before
{Heap before GC invocations=30 (full 0):
 garbage-first heap   total 131072K, used 75150K [0x0000000080000000, 0x0000000100000000)
  region size 1024K, 6 young (6144K), 3 survivors (3072K)
 Metaspace       used 85853K, capacity 87888K, committed 87996K, reserved 1126400K
  class space    used 11084K, capacity 11823K, committed 11904K, reserved 1048576K
}
Event: 61.368 GC heap after
{Heap after GC invocations=31 (full 0):
 garbage-first heap   total 131072K, used 70443K [0x0000000080000000, 0x0000000100000000)
  region size 1024K, 1 young (1024K), 1 survivors (1024K)
 Metaspace       used 85853K, capacity 87888K, committed 87996K, reserved 1126400K
  class space    used 11084K, capacity 11823K, committed 11904K, reserved 1048576K
}
Event: 63.217 GC heap before
{Heap before GC invocations=31 (full 0):
 garbage-first heap   total 131072K, used 95019K [0x0000000080000000, 0x0000000100000000)
  region size 1024K, 26 young (26624K), 1 survivors (1024K)
 Metaspace       used 86209K, capacity 88321K, committed 88508K, reserved 1126400K
  class space    used 11107K, capacity 11870K, committed 11904K, reserved 1048576K
}
Event: 63.224 GC heap after
{Heap after GC invocations=32 (full 0):
 garbage-first heap   total 131072K, used 70981K [0x0000000080000000, 0x0000000100000000)
  region size 1024K, 1 young (1024K), 1 survivors (1024K)
 Metaspace       used 86209K, capacity 88321K, committed 88508K, reserved 1126400K
  class space    used 11107K, capacity 11870K, committed 11904K, reserved 1048576K
}
Event: 63.780 GC heap before
{Heap before GC invocations=33 (full 0):
 garbage-first heap   total 131072K, used 96581K [0x0000000080000000, 0x0000000100000000)
  region size 1024K, 27 young (27648K), 1 survivors (1024K)
 Metaspace       used 86223K, capacity 88395K, committed 88508K, reserved 1126400K
  class space    used 11109K, capacity 11873K, committed 11904K, reserved 1048576K
}
Event: 63.787 GC heap after
{Heap after GC invocations=34 (full 0):
 garbage-first heap   total 131072K, used 71008K [0x0000000080000000, 0x0000000100000000)
  region size 1024K, 1 young (1024K), 1 survivors (1024K)
 Metaspace       used 86223K, capacity 88395K, committed 88508K, reserved 1126400K
  class space    used 11109K, capacity 11873K, committed 11904K, reserved 1048576K
}
Event: 63.916 GC heap before
{Heap before GC invocations=34 (full 0):
 garbage-first heap   total 131072K, used 75104K [0x0000000080000000, 0x0000000100000000)
  region size 1024K, 6 young (6144K), 1 survivors (1024K)
 Metaspace       used 86273K, capacity 88409K, committed 88508K, reserved 1126400K
  class space    used 11118K, capacity 11878K, committed 11904K, reserved 1048576K
}
Event: 63.921 GC heap after
{Heap after GC invocations=35 (full 0):
 garbage-first heap   total 131072K, used 70058K [0x0000000080000000, 0x0000000100000000)
  region size 1024K, 1 young (1024K), 1 survivors (1024K)
 Metaspace       used 86273K, capacity 88409K, committed 88508K, reserved 1126400K
  class space    used 11118K, capacity 11878K, committed 11904K, reserved 1048576K
}
Event: 64.818 GC heap before
{Heap before GC invocations=35 (full 0):
 garbage-first heap   total 131072K, used 97706K [0x0000000080000000, 0x0000000100000000)
  region size 1024K, 29 young (29696K), 1 survivors (1024K)
 Metaspace       used 87370K, capacity 89578K, committed 89788K, reserved 1126400K
  class space    used 11239K, capacity 12033K, committed 12160K, reserved 1048576K
}
Event: 64.830 GC heap after
{Heap after GC invocations=36 (full 0):
 garbage-first heap   total 131072K, used 71605K [0x0000000080000000, 0x0000000100000000)
  region size 1024K, 2 young (2048K), 2 survivors (2048K)
 Metaspace       used 87370K, capacity 89578K, committed 89788K, reserved 1126400K
  class space    used 11239K, capacity 12033K, committed 12160K, reserved 1048576K
}
Event: 66.063 GC heap before
{Heap before GC invocations=37 (full 0):
 garbage-first heap   total 131072K, used 99253K [0x0000000080000000, 0x0000000100000000)
  region size 1024K, 30 young (30720K), 2 survivors (2048K)
 Metaspace       used 87410K, capacity 89584K, committed 89788K, reserved 1126400K
  class space    used 11241K, capacity 12034K, committed 12160K, reserved 1048576K
}
Event: 66.073 GC heap after
{Heap after GC invocations=38 (full 0):
 garbage-first heap   total 131072K, used 74026K [0x0000000080000000, 0x0000000100000000)
  region size 1024K, 4 young (4096K), 4 survivors (4096K)
 Metaspace       used 87410K, capacity 89584K, committed 89788K, reserved 1126400K
  class space    used 11241K, capacity 12034K, committed 12160K, reserved 1048576K
}

