# JRE version: OpenJDK Runtime Environment (11.0.10) (build 11.0.10+0-b96-7249189)
# Java VM: OpenJDK 64-Bit Server VM (11.0.10+0-b96-7249189, mixed mode, tiered, compressed oops, g1 gc, windows-amd64)
Heap:
 garbage-first heap   total 157696K, used 45431K [0x0000000080000000, 0x0000000100000000)
  region size 1024K, 5 young (5120K), 3 survivors (3072K)
 Metaspace       used 59002K, capacity 60523K, committed 60912K, reserved 1101824K
  class space    used 7468K, capacity 8027K, committed 8140K, reserved 1048576K
GC Heap History (20 events):
Event: 1.330 GC heap before
{Heap before GC invocations=0 (full 0):
 garbage-first heap   total 131072K, used 19456K [0x0000000080000000, 0x0000000100000000)
  region size 1024K, 14 young (14336K), 0 survivors (0K)
 Metaspace       used 6738K, capacity 6929K, committed 7168K, reserved 1056768K
  class space    used 582K, capacity 650K, committed 768K, reserved 1048576K
}
Event: 1.349 GC heap after
{Heap after GC invocations=1 (full 0):
 garbage-first heap   total 131072K, used 7880K [0x0000000080000000, 0x0000000100000000)
  region size 1024K, 2 young (2048K), 2 survivors (2048K)
 Metaspace       used 6738K, capacity 6929K, committed 7168K, reserved 1056768K
  class space    used 582K, capacity 650K, committed 768K, reserved 1048576K
}
Event: 2.439 GC heap before
{Heap before GC invocations=1 (full 0):
 garbage-first heap   total 131072K, used 20168K [0x0000000080000000, 0x0000000100000000)
  region size 1024K, 14 young (14336K), 2 survivors (2048K)
 Metaspace       used 9856K, capacity 10058K, committed 10112K, reserved 1058816K
  class space    used 1021K, capacity 1102K, committed 1152K, reserved 1048576K
}
Event: 2.443 GC heap after
{Heap after GC invocations=2 (full 0):
 garbage-first heap   total 131072K, used 9042K [0x0000000080000000, 0x0000000100000000)
  region size 1024K, 2 young (2048K), 2 survivors (2048K)
 Metaspace       used 9856K, capacity 10058K, committed 10112K, reserved 1058816K
  class space    used 1021K, capacity 1102K, committed 1152K, reserved 1048576K
}
Event: 3.542 GC heap before
{Heap before GC invocations=2 (full 0):
 garbage-first heap   total 131072K, used 38738K [0x0000000080000000, 0x0000000100000000)
  region size 1024K, 31 young (31744K), 2 survivors (2048K)
 Metaspace       used 10782K, capacity 11011K, committed 11264K, reserved 1058816K
  class space    used 1124K, capacity 1206K, committed 1280K, reserved 1048576K
}
Event: 3.546 GC heap after
{Heap after GC invocations=3 (full 0):
 garbage-first heap   total 131072K, used 11425K [0x0000000080000000, 0x0000000100000000)
  region size 1024K, 4 young (4096K), 4 survivors (4096K)
 Metaspace       used 10782K, capacity 11011K, committed 11264K, reserved 1058816K
  class space    used 1124K, capacity 1206K, committed 1280K, reserved 1048576K
}
Event: 7.027 GC heap before
{Heap before GC invocations=3 (full 0):
 garbage-first heap   total 131072K, used 74913K [0x0000000080000000, 0x0000000100000000)
  region size 1024K, 67 young (68608K), 4 survivors (4096K)
 Metaspace       used 20637K, capacity 21158K, committed 21296K, reserved 1069056K
  class space    used 2513K, capacity 2688K, committed 2688K, reserved 1048576K
}
Event: 7.045 GC heap after
{Heap after GC invocations=4 (full 0):
 garbage-first heap   total 131072K, used 16485K [0x0000000080000000, 0x0000000100000000)
  region size 1024K, 9 young (9216K), 9 survivors (9216K)
 Metaspace       used 20637K, capacity 21158K, committed 21296K, reserved 1069056K
  class space    used 2513K, capacity 2688K, committed 2688K, reserved 1048576K
}
Event: 8.924 GC heap before
{Heap before GC invocations=5 (full 0):
 garbage-first heap   total 131072K, used 83045K [0x0000000080000000, 0x0000000100000000)
  region size 1024K, 74 young (75776K), 9 survivors (9216K)
 Metaspace       used 27087K, capacity 27741K, committed 27824K, reserved 1073152K
  class space    used 3577K, capacity 3825K, committed 3840K, reserved 1048576K
}
Event: 8.938 GC heap after
{Heap after GC invocations=6 (full 0):
 garbage-first heap   total 131072K, used 19170K [0x0000000080000000, 0x0000000100000000)
  region size 1024K, 3 young (3072K), 3 survivors (3072K)
 Metaspace       used 27087K, capacity 27741K, committed 27824K, reserved 1073152K
  class space    used 3577K, capacity 3825K, committed 3840K, reserved 1048576K
}
Event: 10.911 GC heap before
{Heap before GC invocations=6 (full 0):
 garbage-first heap   total 131072K, used 60130K [0x0000000080000000, 0x0000000100000000)
  region size 1024K, 45 young (46080K), 3 survivors (3072K)
 Metaspace       used 34863K, capacity 35614K, committed 35708K, reserved 1081344K
  class space    used 4535K, capacity 4832K, committed 4864K, reserved 1048576K
}
Event: 10.928 GC heap after
{Heap after GC invocations=7 (full 0):
 garbage-first heap   total 131072K, used 22420K [0x0000000080000000, 0x0000000100000000)
  region size 1024K, 6 young (6144K), 6 survivors (6144K)
 Metaspace       used 34863K, capacity 35614K, committed 35708K, reserved 1081344K
  class space    used 4535K, capacity 4832K, committed 4864K, reserved 1048576K
}
Event: 13.740 GC heap before
{Heap before GC invocations=8 (full 0):
 garbage-first heap   total 131072K, used 94100K [0x0000000080000000, 0x0000000100000000)
  region size 1024K, 74 young (75776K), 6 survivors (6144K)
 Metaspace       used 40224K, capacity 41168K, committed 41212K, reserved 1085440K
  class space    used 5159K, capacity 5499K, committed 5504K, reserved 1048576K
}
Event: 13.762 GC heap after
{Heap after GC invocations=9 (full 0):
 garbage-first heap   total 131072K, used 27266K [0x0000000080000000, 0x0000000100000000)
  region size 1024K, 9 young (9216K), 9 survivors (9216K)
 Metaspace       used 40224K, capacity 41168K, committed 41212K, reserved 1085440K
  class space    used 5159K, capacity 5499K, committed 5504K, reserved 1048576K
}
Event: 16.183 GC heap before
{Heap before GC invocations=9 (full 0):
 garbage-first heap   total 131072K, used 94850K [0x0000000080000000, 0x0000000100000000)
  region size 1024K, 75 young (76800K), 9 survivors (9216K)
 Metaspace       used 46021K, capacity 47216K, committed 47484K, reserved 1091584K
  class space    used 5890K, capacity 6300K, committed 6400K, reserved 1048576K
}
Event: 16.205 GC heap after
{Heap after GC invocations=10 (full 0):
 garbage-first heap   total 157696K, used 30225K [0x0000000080000000, 0x0000000100000000)
  region size 1024K, 9 young (9216K), 9 survivors (9216K)
 Metaspace       used 46021K, capacity 47216K, committed 47484K, reserved 1091584K
  class space    used 5890K, capacity 6300K, committed 6400K, reserved 1048576K
}
Event: 20.062 GC heap before
{Heap before GC invocations=10 (full 0):
 garbage-first heap   total 157696K, used 109073K [0x0000000080000000, 0x0000000100000000)
  region size 1024K, 83 young (84992K), 9 survivors (9216K)
 Metaspace       used 52595K, capacity 53990K, committed 54268K, reserved 1095680K
  class space    used 6715K, capacity 7219K, committed 7296K, reserved 1048576K
}
Event: 20.083 GC heap after
{Heap after GC invocations=11 (full 0):
 garbage-first heap   total 157696K, used 41896K [0x0000000080000000, 0x0000000100000000)
  region size 1024K, 11 young (11264K), 11 survivors (11264K)
 Metaspace       used 52595K, capacity 53990K, committed 54268K, reserved 1095680K
  class space    used 6715K, capacity 7219K, committed 7296K, reserved 1048576K
}
Event: 22.243 GC heap before
{Heap before GC invocations=11 (full 0):
 garbage-first heap   total 157696K, used 78760K [0x0000000080000000, 0x0000000100000000)
  region size 1024K, 48 young (49152K), 11 survivors (11264K)
 Metaspace       used 58410K, capacity 59851K, committed 59940K, reserved 1101824K
  class space    used 7398K, capacity 7931K, committed 7936K, reserved 1048576K
}
Event: 22.272 GC heap after
{Heap after GC invocations=12 (full 0):
 garbage-first heap   total 157696K, used 44407K [0x0000000080000000, 0x0000000100000000)
  region size 1024K, 3 young (3072K), 3 survivors (3072K)
 Metaspace       used 58410K, capacity 59851K, committed 59940K, reserved 1101824K
  class space    used 7398K, capacity 7931K, committed 7936K, reserved 1048576K
}

