# JRE version: OpenJDK Runtime Environment (11.0.10) (build 11.0.10+0-b96-7249189)
# Java VM: OpenJDK 64-Bit Server VM (11.0.10+0-b96-7249189, mixed mode, tiered, compressed oops, g1 gc, windows-amd64)
Heap:
 garbage-first heap   total 189440K, used 131033K [0x0000000080000000, 0x0000000100000000)
  region size 1024K, 18 young (18432K), 6 survivors (6144K)
 Metaspace       used 141687K, capacity 145894K, committed 147876K, reserved 1177600K
  class space    used 17805K, capacity 19375K, committed 19876K, reserved 1048576K
GC Heap History (20 events):
Event: 8795.297 GC heap before
{Heap before GC invocations=203 (full 0):
 garbage-first heap   total 189440K, used 161140K [0x0000000080000000, 0x0000000100000000)
  region size 1024K, 34 young (34816K), 2 survivors (2048K)
 Metaspace       used 139342K, capacity 144351K, committed 145060K, reserved 1175552K
  class space    used 17636K, capacity 19396K, committed 19620K, reserved 1048576K
}
Event: 8795.301 GC heap after
{Heap after GC invocations=204 (full 0):
 garbage-first heap   total 189440K, used 128388K [0x0000000080000000, 0x0000000100000000)
  region size 1024K, 2 young (2048K), 2 survivors (2048K)
 Metaspace       used 139342K, capacity 144351K, committed 145060K, reserved 1175552K
  class space    used 17636K, capacity 19396K, committed 19620K, reserved 1048576K
}
Event: 9195.302 GC heap before
{Heap before GC invocations=204 (full 0):
 garbage-first heap   total 189440K, used 135556K [0x0000000080000000, 0x0000000100000000)
  region size 1024K, 9 young (9216K), 2 survivors (2048K)
 Metaspace       used 139342K, capacity 144351K, committed 145060K, reserved 1175552K
  class space    used 17636K, capacity 19396K, committed 19620K, reserved 1048576K
}
Event: 9195.320 GC heap after
{Heap after GC invocations=205 (full 0):
 garbage-first heap   total 189440K, used 119315K [0x0000000080000000, 0x0000000100000000)
  region size 1024K, 1 young (1024K), 1 survivors (1024K)
 Metaspace       used 139342K, capacity 144351K, committed 145060K, reserved 1175552K
  class space    used 17636K, capacity 19396K, committed 19620K, reserved 1048576K
}
Event: 11538.666 GC heap before
{Heap before GC invocations=205 (full 0):
 garbage-first heap   total 189440K, used 160275K [0x0000000080000000, 0x0000000100000000)
  region size 1024K, 41 young (41984K), 1 survivors (1024K)
 Metaspace       used 139342K, capacity 144351K, committed 145060K, reserved 1175552K
  class space    used 17636K, capacity 19396K, committed 19620K, reserved 1048576K
}
Event: 11538.673 GC heap after
{Heap after GC invocations=206 (full 0):
 garbage-first heap   total 189440K, used 119279K [0x0000000080000000, 0x0000000100000000)
  region size 1024K, 1 young (1024K), 1 survivors (1024K)
 Metaspace       used 139342K, capacity 144351K, committed 145060K, reserved 1175552K
  class space    used 17636K, capacity 19396K, committed 19620K, reserved 1048576K
}
Event: 13835.302 GC heap before
{Heap before GC invocations=207 (full 0):
 garbage-first heap   total 189440K, used 161263K [0x0000000080000000, 0x0000000100000000)
  region size 1024K, 42 young (43008K), 1 survivors (1024K)
 Metaspace       used 137752K, capacity 141862K, committed 145060K, reserved 1175552K
  class space    used 17325K, capacity 18837K, committed 19620K, reserved 1048576K
}
Event: 13835.314 GC heap after
{Heap after GC invocations=208 (full 0):
 garbage-first heap   total 189440K, used 119327K [0x0000000080000000, 0x0000000100000000)
  region size 1024K, 1 young (1024K), 1 survivors (1024K)
 Metaspace       used 137752K, capacity 141862K, committed 145060K, reserved 1175552K
  class space    used 17325K, capacity 18837K, committed 19620K, reserved 1048576K
}
Event: 14273.220 GC heap before
{Heap before GC invocations=208 (full 0):
 garbage-first heap   total 189440K, used 127519K [0x0000000080000000, 0x0000000100000000)
  region size 1024K, 9 young (9216K), 1 survivors (1024K)
 Metaspace       used 137753K, capacity 141862K, committed 145060K, reserved 1175552K
  class space    used 17325K, capacity 18837K, committed 19620K, reserved 1048576K
}
Event: 14273.312 GC heap after
{Heap after GC invocations=209 (full 0):
 garbage-first heap   total 189440K, used 109166K [0x0000000080000000, 0x0000000100000000)
  region size 1024K, 1 young (1024K), 1 survivors (1024K)
 Metaspace       used 137753K, capacity 141862K, committed 145060K, reserved 1175552K
  class space    used 17325K, capacity 18837K, committed 19620K, reserved 1048576K
}
Event: 14703.667 GC heap before
{Heap before GC invocations=209 (full 0):
 garbage-first heap   total 189440K, used 117358K [0x0000000080000000, 0x0000000100000000)
  region size 1024K, 9 young (9216K), 1 survivors (1024K)
 Metaspace       used 137753K, capacity 141862K, committed 145060K, reserved 1175552K
  class space    used 17325K, capacity 18837K, committed 19620K, reserved 1048576K
}
Event: 14703.729 GC heap after
{Heap after GC invocations=210 (full 0):
 garbage-first heap   total 189440K, used 107197K [0x0000000080000000, 0x0000000100000000)
  region size 1024K, 1 young (1024K), 1 survivors (1024K)
 Metaspace       used 137753K, capacity 141862K, committed 145060K, reserved 1175552K
  class space    used 17325K, capacity 18837K, committed 19620K, reserved 1048576K
}
Event: 16149.562 GC heap before
{Heap before GC invocations=210 (full 0):
 garbage-first heap   total 189440K, used 155325K [0x0000000080000000, 0x0000000100000000)
  region size 1024K, 48 young (49152K), 1 survivors (1024K)
 Metaspace       used 137952K, capacity 142112K, committed 145060K, reserved 1175552K
  class space    used 17362K, capacity 18899K, committed 19620K, reserved 1048576K
}
Event: 16149.603 GC heap after
{Heap after GC invocations=211 (full 0):
 garbage-first heap   total 189440K, used 109416K [0x0000000080000000, 0x0000000100000000)
  region size 1024K, 3 young (3072K), 3 survivors (3072K)
 Metaspace       used 137952K, capacity 142112K, committed 145060K, reserved 1175552K
  class space    used 17362K, capacity 18899K, committed 19620K, reserved 1048576K
}
Event: 16152.119 GC heap before
{Heap before GC invocations=212 (full 0):
 garbage-first heap   total 189440K, used 155496K [0x0000000080000000, 0x0000000100000000)
  region size 1024K, 49 young (50176K), 3 survivors (3072K)
 Metaspace       used 140810K, capacity 145051K, committed 146724K, reserved 1175552K
  class space    used 17738K, capacity 19282K, committed 19748K, reserved 1048576K
}
Event: 16152.157 GC heap after
{Heap after GC invocations=213 (full 0):
 garbage-first heap   total 189440K, used 114688K [0x0000000080000000, 0x0000000100000000)
  region size 1024K, 7 young (7168K), 7 survivors (7168K)
 Metaspace       used 140810K, capacity 145051K, committed 146724K, reserved 1175552K
  class space    used 17738K, capacity 19282K, committed 19748K, reserved 1048576K
}
Event: 16152.236 GC heap before
{Heap before GC invocations=213 (full 0):
 garbage-first heap   total 189440K, used 115712K [0x0000000080000000, 0x0000000100000000)
  region size 1024K, 9 young (9216K), 7 survivors (7168K)
 Metaspace       used 140816K, capacity 145053K, committed 146724K, reserved 1175552K
  class space    used 17738K, capacity 19282K, committed 19748K, reserved 1048576K
}
Event: 16152.282 GC heap after
{Heap after GC invocations=214 (full 0):
 garbage-first heap   total 189440K, used 115100K [0x0000000080000000, 0x0000000100000000)
  region size 1024K, 1 young (1024K), 1 survivors (1024K)
 Metaspace       used 140816K, capacity 145053K, committed 146724K, reserved 1175552K
  class space    used 17738K, capacity 19282K, committed 19748K, reserved 1048576K
}
Event: 16155.612 GC heap before
{Heap before GC invocations=214 (full 0):
 garbage-first heap   total 189440K, used 157084K [0x0000000080000000, 0x0000000100000000)
  region size 1024K, 43 young (44032K), 1 survivors (1024K)
 Metaspace       used 141944K, capacity 146333K, committed 147876K, reserved 1177600K
  class space    used 17854K, capacity 19466K, committed 19876K, reserved 1048576K
}
Event: 16155.637 GC heap after
{Heap after GC invocations=215 (full 0):
 garbage-first heap   total 189440K, used 119769K [0x0000000080000000, 0x0000000100000000)
  region size 1024K, 6 young (6144K), 6 survivors (6144K)
 Metaspace       used 141944K, capacity 146333K, committed 147876K, reserved 1177600K
  class space    used 17854K, capacity 19466K, committed 19876K, reserved 1048576K
}

