# JRE version: OpenJDK Runtime Environment (11.0.10) (build 11.0.10+0-b96-7249189)
# Java VM: OpenJDK 64-Bit Server VM (11.0.10+0-b96-7249189, mixed mode, tiered, compressed oops, g1 gc, windows-amd64)
Heap:
 garbage-first heap   total 131072K, used 69183K [0x0000000080000000, 0x0000000100000000)
  region size 1024K, 29 young (29696K), 7 survivors (7168K)
 Metaspace       used 63533K, capacity 65171K, committed 65340K, reserved 1105920K
  class space    used 8070K, capacity 8666K, committed 8704K, reserved 1048576K
GC Heap History (20 events):
Event: 2.820 GC heap before
{Heap before GC invocations=1 (full 0):
 garbage-first heap   total 131072K, used 20362K [0x0000000080000000, 0x0000000100000000)
  region size 1024K, 14 young (14336K), 2 survivors (2048K)
 Metaspace       used 9884K, capacity 10054K, committed 10112K, reserved 1058816K
  class space    used 1022K, capacity 1102K, committed 1152K, reserved 1048576K
}
Event: 2.825 GC heap after
{Heap after GC invocations=2 (full 0):
 garbage-first heap   total 131072K, used 9167K [0x0000000080000000, 0x0000000100000000)
  region size 1024K, 2 young (2048K), 2 survivors (2048K)
 Metaspace       used 9884K, capacity 10054K, committed 10112K, reserved 1058816K
  class space    used 1022K, capacity 1102K, committed 1152K, reserved 1048576K
}
Event: 4.142 GC heap before
{Heap before GC invocations=2 (full 0):
 garbage-first heap   total 131072K, used 37839K [0x0000000080000000, 0x0000000100000000)
  region size 1024K, 29 young (29696K), 2 survivors (2048K)
 Metaspace       used 10790K, capacity 11071K, committed 11264K, reserved 1058816K
  class space    used 1125K, capacity 1206K, committed 1280K, reserved 1048576K
}
Event: 4.150 GC heap after
{Heap after GC invocations=3 (full 0):
 garbage-first heap   total 131072K, used 11931K [0x0000000080000000, 0x0000000100000000)
  region size 1024K, 3 young (3072K), 3 survivors (3072K)
 Metaspace       used 10790K, capacity 11071K, committed 11264K, reserved 1058816K
  class space    used 1125K, capacity 1206K, committed 1280K, reserved 1048576K
}
Event: 7.995 GC heap before
{Heap before GC invocations=3 (full 0):
 garbage-first heap   total 131072K, used 76443K [0x0000000080000000, 0x0000000100000000)
  region size 1024K, 68 young (69632K), 3 survivors (3072K)
 Metaspace       used 20621K, capacity 21154K, committed 21296K, reserved 1069056K
  class space    used 2513K, capacity 2688K, committed 2688K, reserved 1048576K
}
Event: 8.009 GC heap after
{Heap after GC invocations=4 (full 0):
 garbage-first heap   total 131072K, used 16559K [0x0000000080000000, 0x0000000100000000)
  region size 1024K, 9 young (9216K), 9 survivors (9216K)
 Metaspace       used 20621K, capacity 21154K, committed 21296K, reserved 1069056K
  class space    used 2513K, capacity 2688K, committed 2688K, reserved 1048576K
}
Event: 11.867 GC heap before
{Heap before GC invocations=5 (full 0):
 garbage-first heap   total 131072K, used 85167K [0x0000000080000000, 0x0000000100000000)
  region size 1024K, 76 young (77824K), 9 survivors (9216K)
 Metaspace       used 27386K, capacity 27961K, committed 28208K, reserved 1073152K
  class space    used 3618K, capacity 3857K, committed 3968K, reserved 1048576K
}
Event: 11.883 GC heap after
{Heap after GC invocations=6 (full 0):
 garbage-first heap   total 131072K, used 19165K [0x0000000080000000, 0x0000000100000000)
  region size 1024K, 3 young (3072K), 3 survivors (3072K)
 Metaspace       used 27386K, capacity 27961K, committed 28208K, reserved 1073152K
  class space    used 3618K, capacity 3857K, committed 3968K, reserved 1048576K
}
Event: 15.028 GC heap before
{Heap before GC invocations=6 (full 0):
 garbage-first heap   total 131072K, used 58077K [0x0000000080000000, 0x0000000100000000)
  region size 1024K, 42 young (43008K), 3 survivors (3072K)
 Metaspace       used 34848K, capacity 35643K, committed 35708K, reserved 1081344K
  class space    used 4534K, capacity 4864K, committed 4864K, reserved 1048576K
}
Event: 15.047 GC heap after
{Heap after GC invocations=7 (full 0):
 garbage-first heap   total 131072K, used 22101K [0x0000000080000000, 0x0000000100000000)
  region size 1024K, 6 young (6144K), 6 survivors (6144K)
 Metaspace       used 34848K, capacity 35643K, committed 35708K, reserved 1081344K
  class space    used 4534K, capacity 4864K, committed 4864K, reserved 1048576K
}
Event: 18.183 GC heap before
{Heap before GC invocations=8 (full 0):
 garbage-first heap   total 131072K, used 91733K [0x0000000080000000, 0x0000000100000000)
  region size 1024K, 72 young (73728K), 6 survivors (6144K)
 Metaspace       used 40088K, capacity 41049K, committed 41212K, reserved 1085440K
  class space    used 5137K, capacity 5488K, committed 5504K, reserved 1048576K
}
Event: 18.202 GC heap after
{Heap after GC invocations=9 (full 0):
 garbage-first heap   total 131072K, used 27193K [0x0000000080000000, 0x0000000100000000)
  region size 1024K, 9 young (9216K), 9 survivors (9216K)
 Metaspace       used 40088K, capacity 41049K, committed 41212K, reserved 1085440K
  class space    used 5137K, capacity 5488K, committed 5504K, reserved 1048576K
}
Event: 21.169 GC heap before
{Heap before GC invocations=9 (full 0):
 garbage-first heap   total 131072K, used 93753K [0x0000000080000000, 0x0000000100000000)
  region size 1024K, 74 young (75776K), 9 survivors (9216K)
 Metaspace       used 45979K, capacity 47091K, committed 47228K, reserved 1089536K
  class space    used 5887K, capacity 6301K, committed 6400K, reserved 1048576K
}
Event: 21.189 GC heap after
{Heap after GC invocations=10 (full 0):
 garbage-first heap   total 131072K, used 29312K [0x0000000080000000, 0x0000000100000000)
  region size 1024K, 8 young (8192K), 8 survivors (8192K)
 Metaspace       used 45979K, capacity 47091K, committed 47228K, reserved 1089536K
  class space    used 5887K, capacity 6301K, committed 6400K, reserved 1048576K
}
Event: 25.741 GC heap before
{Heap before GC invocations=10 (full 0):
 garbage-first heap   total 131072K, used 99968K [0x0000000080000000, 0x0000000100000000)
  region size 1024K, 74 young (75776K), 8 survivors (8192K)
 Metaspace       used 51192K, capacity 52489K, committed 52732K, reserved 1095680K
  class space    used 6514K, capacity 6994K, committed 7040K, reserved 1048576K
}
Event: 25.762 GC heap after
{Heap after GC invocations=11 (full 0):
 garbage-first heap   total 131072K, used 40960K [0x0000000080000000, 0x0000000100000000)
  region size 1024K, 10 young (10240K), 10 survivors (10240K)
 Metaspace       used 51192K, capacity 52489K, committed 52732K, reserved 1095680K
  class space    used 6514K, capacity 6994K, committed 7040K, reserved 1048576K
}
Event: 28.128 GC heap before
{Heap before GC invocations=11 (full 0):
 garbage-first heap   total 131072K, used 86016K [0x0000000080000000, 0x0000000100000000)
  region size 1024K, 55 young (56320K), 10 survivors (10240K)
 Metaspace       used 58262K, capacity 59756K, committed 59900K, reserved 1101824K
  class space    used 7393K, capacity 7965K, committed 8064K, reserved 1048576K
}
Event: 28.154 GC heap after
{Heap after GC invocations=12 (full 0):
 garbage-first heap   total 131072K, used 44241K [0x0000000080000000, 0x0000000100000000)
  region size 1024K, 3 young (3072K), 3 survivors (3072K)
 Metaspace       used 58262K, capacity 59756K, committed 59900K, reserved 1101824K
  class space    used 7393K, capacity 7965K, committed 8064K, reserved 1048576K
}
Event: 33.551 GC heap before
{Heap before GC invocations=13 (full 0):
 garbage-first heap   total 131072K, used 96465K [0x0000000080000000, 0x0000000100000000)
  region size 1024K, 54 young (55296K), 3 survivors (3072K)
 Metaspace       used 63235K, capacity 64847K, committed 65084K, reserved 1105920K
  class space    used 8022K, capacity 8601K, committed 8704K, reserved 1048576K
}
Event: 33.569 GC heap after
{Heap after GC invocations=14 (full 0):
 garbage-first heap   total 131072K, used 47679K [0x0000000080000000, 0x0000000100000000)
  region size 1024K, 7 young (7168K), 7 survivors (7168K)
 Metaspace       used 63235K, capacity 64847K, committed 65084K, reserved 1105920K
  class space    used 8022K, capacity 8601K, committed 8704K, reserved 1048576K
}

