# JRE version: OpenJDK Runtime Environment (11.0.10) (build 11.0.10+0-b96-7249189)
# Java VM: OpenJDK 64-Bit Server VM (11.0.10+0-b96-7249189, mixed mode, tiered, compressed oops, g1 gc, windows-amd64)
Heap:
 garbage-first heap   total 131072K, used 67972K [0x0000000080000000, 0x0000000100000000)
  region size 1024K, 28 young (28672K), 7 survivors (7168K)
 Metaspace       used 63363K, capacity 64938K, committed 65148K, reserved 1105920K
  class space    used 8058K, capacity 8633K, committed 8704K, reserved 1048576K
GC Heap History (20 events):
Event: 5.898 GC heap before
{Heap before GC invocations=1 (full 0):
 garbage-first heap   total 131072K, used 19234K [0x0000000080000000, 0x0000000100000000)
  region size 1024K, 13 young (13312K), 2 survivors (2048K)
 Metaspace       used 9865K, capacity 10058K, committed 10112K, reserved 1058816K
  class space    used 1022K, capacity 1102K, committed 1152K, reserved 1048576K
}
Event: 5.903 GC heap after
{Heap after GC invocations=2 (full 0):
 garbage-first heap   total 131072K, used 9130K [0x0000000080000000, 0x0000000100000000)
  region size 1024K, 2 young (2048K), 2 survivors (2048K)
 Metaspace       used 9865K, capacity 10058K, committed 10112K, reserved 1058816K
  class space    used 1022K, capacity 1102K, committed 1152K, reserved 1048576K
}
Event: 7.499 GC heap before
{Heap before GC invocations=2 (full 0):
 garbage-first heap   total 131072K, used 36778K [0x0000000080000000, 0x0000000100000000)
  region size 1024K, 29 young (29696K), 2 survivors (2048K)
 Metaspace       used 10790K, capacity 11011K, committed 11264K, reserved 1058816K
  class space    used 1125K, capacity 1206K, committed 1280K, reserved 1048576K
}
Event: 7.505 GC heap after
{Heap after GC invocations=3 (full 0):
 garbage-first heap   total 131072K, used 12416K [0x0000000080000000, 0x0000000100000000)
  region size 1024K, 4 young (4096K), 4 survivors (4096K)
 Metaspace       used 10790K, capacity 11011K, committed 11264K, reserved 1058816K
  class space    used 1125K, capacity 1206K, committed 1280K, reserved 1048576K
}
Event: 13.505 GC heap before
{Heap before GC invocations=3 (full 0):
 garbage-first heap   total 131072K, used 78976K [0x0000000080000000, 0x0000000100000000)
  region size 1024K, 71 young (72704K), 4 survivors (4096K)
 Metaspace       used 20645K, capacity 21158K, committed 21296K, reserved 1069056K
  class space    used 2513K, capacity 2688K, committed 2688K, reserved 1048576K
}
Event: 13.519 GC heap after
{Heap after GC invocations=4 (full 0):
 garbage-first heap   total 131072K, used 16645K [0x0000000080000000, 0x0000000100000000)
  region size 1024K, 9 young (9216K), 9 survivors (9216K)
 Metaspace       used 20645K, capacity 21158K, committed 21296K, reserved 1069056K
  class space    used 2513K, capacity 2688K, committed 2688K, reserved 1048576K
}
Event: 15.949 GC heap before
{Heap before GC invocations=5 (full 0):
 garbage-first heap   total 131072K, used 85253K [0x0000000080000000, 0x0000000100000000)
  region size 1024K, 76 young (77824K), 9 survivors (9216K)
 Metaspace       used 27207K, capacity 27869K, committed 28080K, reserved 1073152K
  class space    used 3591K, capacity 3825K, committed 3840K, reserved 1048576K
}
Event: 15.964 GC heap after
{Heap after GC invocations=6 (full 0):
 garbage-first heap   total 131072K, used 18683K [0x0000000080000000, 0x0000000100000000)
  region size 1024K, 3 young (3072K), 3 survivors (3072K)
 Metaspace       used 27207K, capacity 27869K, committed 28080K, reserved 1073152K
  class space    used 3591K, capacity 3825K, committed 3840K, reserved 1048576K
}
Event: 17.957 GC heap before
{Heap before GC invocations=6 (full 0):
 garbage-first heap   total 131072K, used 58619K [0x0000000080000000, 0x0000000100000000)
  region size 1024K, 43 young (44032K), 3 survivors (3072K)
 Metaspace       used 34860K, capacity 35614K, committed 35708K, reserved 1081344K
  class space    used 4535K, capacity 4832K, committed 4864K, reserved 1048576K
}
Event: 17.972 GC heap after
{Heap after GC invocations=7 (full 0):
 garbage-first heap   total 131072K, used 22185K [0x0000000080000000, 0x0000000100000000)
  region size 1024K, 6 young (6144K), 6 survivors (6144K)
 Metaspace       used 34860K, capacity 35614K, committed 35708K, reserved 1081344K
  class space    used 4535K, capacity 4832K, committed 4864K, reserved 1048576K
}
Event: 20.962 GC heap before
{Heap before GC invocations=8 (full 0):
 garbage-first heap   total 131072K, used 90793K [0x0000000080000000, 0x0000000100000000)
  region size 1024K, 71 young (72704K), 6 survivors (6144K)
 Metaspace       used 39991K, capacity 40924K, committed 40956K, reserved 1085440K
  class space    used 5129K, capacity 5488K, committed 5504K, reserved 1048576K
}
Event: 20.981 GC heap after
{Heap after GC invocations=9 (full 0):
 garbage-first heap   total 131072K, used 27131K [0x0000000080000000, 0x0000000100000000)
  region size 1024K, 9 young (9216K), 9 survivors (9216K)
 Metaspace       used 39991K, capacity 40924K, committed 40956K, reserved 1085440K
  class space    used 5129K, capacity 5488K, committed 5504K, reserved 1048576K
}
Event: 23.485 GC heap before
{Heap before GC invocations=9 (full 0):
 garbage-first heap   total 131072K, used 93691K [0x0000000080000000, 0x0000000100000000)
  region size 1024K, 73 young (74752K), 9 survivors (9216K)
 Metaspace       used 45838K, capacity 46957K, committed 47228K, reserved 1089536K
  class space    used 5885K, capacity 6300K, committed 6400K, reserved 1048576K
}
Event: 23.502 GC heap after
{Heap after GC invocations=10 (full 0):
 garbage-first heap   total 131072K, used 29412K [0x0000000080000000, 0x0000000100000000)
  region size 1024K, 8 young (8192K), 8 survivors (8192K)
 Metaspace       used 45838K, capacity 46957K, committed 47228K, reserved 1089536K
  class space    used 5885K, capacity 6300K, committed 6400K, reserved 1048576K
}
Event: 26.557 GC heap before
{Heap before GC invocations=10 (full 0):
 garbage-first heap   total 131072K, used 100068K [0x0000000080000000, 0x0000000100000000)
  region size 1024K, 73 young (74752K), 8 survivors (8192K)
 Metaspace       used 50755K, capacity 52128K, committed 52220K, reserved 1095680K
  class space    used 6470K, capacity 6960K, committed 7040K, reserved 1048576K
}
Event: 26.578 GC heap after
{Heap after GC invocations=11 (full 0):
 garbage-first heap   total 131072K, used 40742K [0x0000000080000000, 0x0000000100000000)
  region size 1024K, 10 young (10240K), 10 survivors (10240K)
 Metaspace       used 50755K, capacity 52128K, committed 52220K, reserved 1095680K
  class space    used 6470K, capacity 6960K, committed 7040K, reserved 1048576K
}
Event: 29.182 GC heap before
{Heap before GC invocations=11 (full 0):
 garbage-first heap   total 131072K, used 88870K [0x0000000080000000, 0x0000000100000000)
  region size 1024K, 58 young (59392K), 10 survivors (10240K)
 Metaspace       used 58422K, capacity 59865K, committed 59940K, reserved 1101824K
  class space    used 7406K, capacity 7936K, committed 7936K, reserved 1048576K
}
Event: 29.210 GC heap after
{Heap after GC invocations=12 (full 0):
 garbage-first heap   total 131072K, used 44816K [0x0000000080000000, 0x0000000100000000)
  region size 1024K, 4 young (4096K), 4 survivors (4096K)
 Metaspace       used 58422K, capacity 59865K, committed 59940K, reserved 1101824K
  class space    used 7406K, capacity 7936K, committed 7936K, reserved 1048576K
}
Event: 31.717 GC heap before
{Heap before GC invocations=13 (full 0):
 garbage-first heap   total 131072K, used 98064K [0x0000000080000000, 0x0000000100000000)
  region size 1024K, 56 young (57344K), 4 survivors (4096K)
 Metaspace       used 63128K, capacity 64691K, committed 64764K, reserved 1105920K
  class space    used 8019K, capacity 8571K, committed 8576K, reserved 1048576K
}
Event: 31.733 GC heap after
{Heap after GC invocations=14 (full 0):
 garbage-first heap   total 131072K, used 47492K [0x0000000080000000, 0x0000000100000000)
  region size 1024K, 7 young (7168K), 7 survivors (7168K)
 Metaspace       used 63128K, capacity 64691K, committed 64764K, reserved 1105920K
  class space    used 8019K, capacity 8571K, committed 8576K, reserved 1048576K
}

